2024-10-03T11:27:11.406Z info: app listening on port 4200
2024-10-03T11:28:25.878Z info: app listening on port 4200
2024-10-03T13:08:03.010Z info: app listening on port 8000
2024-10-03T13:08:58.525Z info: Received a POST request for /auth/login
2024-10-03T13:09:29.283Z info: Received a POST request for /auth/login
2024-10-03T13:09:29.291Z error: username or password is wrong
2024-10-03T13:09:30.713Z info: Received a POST request for /auth/login
2024-10-03T13:09:30.719Z error: username or password is wrong
2024-10-03T13:09:44.029Z info: Received a POST request for /auth/login
2024-10-04T07:48:11.034Z info: app listening on port 8000
2024-10-04T07:52:21.632Z info: app listening on port 8000
2024-10-04T07:52:38.602Z info: Received a POST request for /auth/register
2024-10-04T07:52:38.620Z error: User already exists
2024-10-04T07:56:46.044Z info: Received a POST request for /auth/register
2024-10-04T08:02:47.159Z info: Received a POST request for /auth/register
2024-10-04T08:05:04.611Z info: Received a POST request for /auth/register
2024-10-04T08:05:04.621Z error: User already exists
2024-10-04T08:05:12.479Z info: Received a POST request for /auth/register
2024-10-04T08:05:12.487Z error: User already exists
2024-10-04T08:05:20.272Z info: Received a POST request for /auth/register
2024-10-04T08:05:20.280Z error: User already exists
2024-10-04T08:06:31.379Z info: Received a POST request for /auth/register
2024-10-04T08:13:18.742Z info: Received a POST request for /auth/register
2024-10-04T08:14:06.256Z info: Received a POST request for /auth/register
2024-10-04T08:14:25.622Z info: Received a POST request for /auth/login
2024-10-04T08:24:54.875Z info: Received a POST request for /auth/login
2024-10-19T14:38:19.458Z info: app listening on port 8000
2024-10-19T14:39:35.242Z info: Received a POST request for /auth/login
2024-10-19T14:39:35.263Z error: username or password is wrong
2024-10-19T14:40:50.626Z info: Received a POST request for /auth/register
2024-10-19T14:41:00.651Z info: Received a POST request for /auth/register
2024-10-19T14:41:00.661Z error: User already exists
2024-10-19T14:41:24.991Z info: Received a POST request for /auth/login
2024-10-19T14:43:34.490Z info: Received a GET request for /manage/budget/6710e069329a6c85fb303174
2024-10-19T14:43:34.497Z info: Received a request for /budget/6710e069329a6c85fb303174 from janjaal
2024-10-19T14:45:23.447Z info: Received a GET request for /manage/budget?BudgetId=6710e069329a6c85fb303174%20=%20janjaal
2024-10-19T14:45:23.452Z info: Received a request for /budget?BudgetId=6710e069329a6c85fb303174%20=%20janjaal from janjaal
2024-10-19T14:45:23.542Z error: no budget found
2024-10-19T14:45:23.543Z error: [object Object]
2024-10-19T14:46:22.463Z info: Received a GET request for /manage/budget?BudgetId=6710e069329a6c85fb303174%20=%20janjaal
2024-10-19T14:46:22.465Z info: Received a request for /budget?BudgetId=6710e069329a6c85fb303174%20=%20janjaal from janjaal
2024-10-19T14:46:22.471Z error: no budget found
2024-10-19T14:46:22.471Z error: [object Object]
2024-10-25T17:30:28.628Z info: app listening on port 8000
2024-10-25T17:30:38.029Z info: Received a POST request for /auth/login
2024-10-25T17:31:12.202Z info: Received a POST request for /goals/goal
2024-10-25T17:31:12.209Z info: Received a request for /goal from janjaal
2024-10-25T17:31:29.769Z info: Received a GET request for /goals/goal
2024-10-25T17:31:29.771Z info: Received a request for /goal from janjaal
2024-10-25T17:33:29.883Z info: Received a GET request for /manage/goal?GoalId=671bd5e0c8279758cdd4ddb5
2024-10-25T17:34:07.553Z info: Received a GET request for /manage/goal?GoalId=671bd5e0c8279758cdd4ddb5
2024-10-25T17:34:07.559Z info: Received a request for /goal?GoalId=671bd5e0c8279758cdd4ddb5 from janjaal
2024-10-25T17:34:07.562Z error: Parameter "filter" to findOne() must be an object, got "671bd5e0c8279758cdd4ddb5" (type string)
2024-10-25T17:34:07.563Z error: [object Object]
2024-10-25T17:35:21.291Z info: Received a GET request for /manage/goal?GoalId=671bd5e0c8279758cdd4ddb5
2024-10-25T17:35:21.296Z info: Received a request for /goal?GoalId=671bd5e0c8279758cdd4ddb5 from janjaal
2024-10-25T17:35:21.299Z error: Parameter "filter" to findOne() must be an object, got "671bd5e0c8279758cdd4ddb5" (type string)
2024-10-25T17:35:21.300Z error: [object Object]
2024-10-25T17:35:22.347Z info: Received a GET request for /manage/goal?GoalId=671bd5e0c8279758cdd4ddb5
2024-10-25T17:35:22.351Z info: Received a request for /goal?GoalId=671bd5e0c8279758cdd4ddb5 from janjaal
2024-10-25T17:35:22.353Z error: Parameter "filter" to findOne() must be an object, got "671bd5e0c8279758cdd4ddb5" (type string)
2024-10-25T17:35:22.353Z error: [object Object]
2024-10-25T17:35:42.004Z info: Received a GET request for /manage/goal?GoalId=671bd5e0c8279758cdd4ddb5
2024-10-25T17:35:42.013Z info: Received a request for /goal?GoalId=671bd5e0c8279758cdd4ddb5 from janjaal
2024-10-25T17:35:42.023Z error: Parameter "filter" to findOne() must be an object, got "671bd5e0c8279758cdd4ddb5" (type string)
2024-10-25T17:35:42.036Z error: [object Object]
2024-10-27T14:02:50.079Z info: app listening on port 8000
2024-10-28T05:11:02.905Z info: app listening on port 8000
2024-10-28T12:44:36.455Z info: app listening on port 8000
2024-10-28T12:45:28.259Z info: Received a POST request for /auth/login
2024-10-28T12:45:58.958Z info: Received a GET request for /status/state
2024-10-28T12:45:59.022Z info: Received a request for /state from janjaal
2024-10-28T12:50:13.671Z info: Received a POST request for /categories/category
2024-10-28T12:50:42.309Z info: Received a POST request for /categories/category
2024-10-28T12:50:42.315Z info: Received a request for /category from janjaal
2024-10-28T12:50:48.541Z info: Received a GET request for /categories/category
2024-10-28T12:50:48.544Z info: Received a request for /category from janjaal
2024-10-28T12:51:03.422Z info: Received a GET request for /transactions/transaction
2024-10-28T12:51:37.652Z info: Received a GET request for /transactions/transaction
2024-10-28T12:51:37.655Z info: Received a request for /transaction from janjaal
2024-10-28T12:51:54.704Z info: Received a PUT request for /transactions/transaction
2024-10-28T12:51:54.706Z info: Received a request for /transaction from janjaal
2024-10-28T12:52:08.270Z info: Received a POST request for /transactions/transaction
2024-10-28T12:52:08.273Z info: Received a request for /transaction from janjaal
2024-10-28T12:52:16.190Z info: Received a GET request for /transactions/transaction
2024-10-28T12:52:16.195Z info: Received a request for /transaction from janjaal
2024-10-28T12:52:36.326Z info: Received a GET request for /status/state
2024-10-28T12:52:36.335Z info: Received a request for /state from janjaal
2024-10-28T12:53:55.498Z info: Received a GET request for /status/state
2024-10-28T12:53:55.502Z info: Received a request for /state from janjaal
2024-10-28T12:53:57.207Z info: Received a GET request for /status/state
2024-10-28T12:53:57.213Z info: Received a request for /state from janjaal
2024-10-29T11:31:27.023Z info: Received a POST request for /auth/login
2024-10-29T11:31:27.183Z info: Received a GET request for /categories/category
2024-10-29T11:31:27.186Z info: Received a request for /category from janjaal
2024-10-29T11:41:17.630Z info: Received a GET request for /categories/category
2024-10-29T11:41:17.751Z info: Received a request for /category from janjaal
2024-10-29T11:42:11.892Z info: app listening on port 8000
2024-10-29T11:42:17.919Z info: Received a GET request for /categories/category
2024-10-29T11:42:17.931Z info: Received a request for /category from janjaal
2024-10-29T11:44:58.867Z info: Received a GET request for /categories/category
2024-10-29T11:44:58.882Z info: Received a request for /category from janjaal
2024-10-29T12:36:07.634Z info: app listening on port 8000
2024-10-29T12:36:12.267Z info: Received a POST request for /auth/login
2024-10-29T12:36:22.290Z error: Operation `users.findOne()` buffering timed out after 10000ms
2024-10-29T12:36:26.473Z info: Received a POST request for /auth/login
2024-10-29T12:36:36.483Z error: Operation `users.findOne()` buffering timed out after 10000ms
2024-10-29T12:36:36.577Z info: Received a POST request for /auth/login
2024-10-29T12:50:30.238Z info: app listening on port 8000
2024-10-29T12:50:55.739Z info: Received a POST request for /auth/login
2024-10-29T12:51:16.310Z info: Received a GET request for /status/state
2024-10-29T12:51:16.315Z info: Received a request for /state from janjaal
2024-10-29T12:51:27.975Z info: Received a GET request for /transactions/transaction
2024-10-29T12:51:38.603Z info: Received a GET request for /transactions/transaction
2024-10-29T12:51:38.608Z info: Received a request for /transaction from janjaal
2024-10-29T12:51:54.051Z info: Received a GET request for /status/state
2024-10-29T12:51:54.057Z info: Received a request for /state from janjaal
2024-10-29T12:51:55.076Z info: Received a GET request for /status/state
2024-10-29T12:51:55.078Z info: Received a request for /state from janjaal
2024-10-29T12:52:51.997Z info: Received a GET request for /status/state
2024-10-29T12:52:52.002Z info: Received a request for /state from janjaal
2024-10-29T12:52:53.285Z info: Received a GET request for /status/state
2024-10-29T12:52:53.288Z info: Received a request for /state from janjaal
2024-10-29T12:53:05.311Z info: app listening on port 8000
2024-10-29T12:53:10.801Z info: Received a GET request for /status/state
2024-10-29T12:53:10.805Z info: Received a request for /state from janjaal
