2024-08-18T17:26:18.370Z info: app listening on port 4200
2024-08-18T17:28:57.143Z info: app listening on port 4200
2024-08-18T17:32:01.451Z info: app listening on port 4200
2024-08-18T17:33:03.659Z info: Received a POST request for /auth/register
2024-08-18T17:39:53.856Z info: app listening on port 4200
2024-08-18T17:40:16.952Z info: Received a POST request for /auth/register
2024-08-18T17:41:38.130Z info: Received a POST request for /auth/login
2024-08-21T16:09:33.341Z info: app listening on port 4200
2024-08-21T16:09:52.129Z info: Received a POST request for /auth/login
2024-08-21T16:10:02.145Z error: Operation `users.findOne()` buffering timed out after 10000ms
2024-08-23T10:11:14.578Z info: app listening on port 4200
2024-08-23T10:12:03.664Z info: app listening on port 4200
2024-08-23T10:15:09.169Z info: app listening on port 4200
2024-08-23T10:15:14.618Z info: Received a POST request for /auth/login
2024-08-23T10:15:24.634Z error: Operation `users.findOne()` buffering timed out after 10000ms
2024-08-23T10:15:30.181Z info: Received a POST request for /auth/login
2024-08-23T10:17:14.767Z info: app listening on port 4200
2024-08-23T10:17:15.398Z info: Received a POST request for /auth/login
2024-08-23T10:17:15.410Z error: username or password is wrong
2024-08-23T10:17:25.151Z info: Received a POST request for /auth/register
2024-08-23T10:17:28.701Z info: Received a POST request for /auth/login
2024-08-23T10:24:21.787Z info: Received a POST request for /auth/register
2024-08-23T10:24:51.205Z info: Received a POST request for /auth/login
2024-08-23T14:38:38.764Z info: app listening on port 4200
2024-08-23T14:38:52.589Z info: Received a POST request for /transactions/transaction
2024-08-23T14:38:52.591Z error: transactionService.createTransaction is not a function
2024-08-23T14:41:41.028Z info: app listening on port 4200
2024-08-23T14:41:50.507Z info: Received a POST request for /transactions/transaction
2024-08-23T14:41:50.510Z error: transactionService.createTransaction is not a function
2024-08-23T14:48:56.960Z info: app listening on port 4200
2024-08-23T14:49:10.697Z info: Received a POST request for /transactions/transaction
2024-08-23T14:49:40.850Z error: transactionService.createTransaction is not a function
2024-08-23T14:55:11.511Z info: Received a POST request for /transactions/transaction
2024-08-23T14:55:38.895Z info: app listening on port 4200
2024-08-23T14:55:39.659Z info: Received a POST request for /transactions/transaction
2024-08-23T14:55:55.332Z info: Received a GET request for /transactions/transaction
2024-08-23T14:55:55.335Z error: jwtUtils is not defined
2024-08-23T14:58:21.790Z info: app listening on port 4200
2024-08-23T14:58:26.170Z info: Received a GET request for /transactions/transaction
2024-08-23T14:58:26.175Z error: jwt must be provided
2024-08-23T15:00:10.991Z info: Received a GET request for /transactions/transaction
2024-08-23T15:00:10.998Z error: jwt must be provided
2024-08-23T15:04:20.387Z info: app listening on port 4200
2024-08-23T15:04:22.358Z info: Received a GET request for /auth/login
2024-08-23T15:04:51.993Z info: Received a GET request for /auth/register
2024-08-23T15:04:56.857Z info: Received a GET request for /auth/register
2024-08-23T15:04:57.700Z info: Received a GET request for /auth/register
2024-08-23T15:05:26.364Z info: app listening on port 4200
2024-08-23T15:05:27.550Z info: Received a GET request for /auth/register
2024-08-23T15:07:49.705Z info: app listening on port 4200
2024-08-23T15:07:50.060Z info: Received a GET request for /auth/register
2024-08-23T15:07:51.455Z info: Received a GET request for /auth/register
2024-08-23T15:08:13.029Z info: Received a POST request for /auth/register
2024-08-23T15:08:13.072Z error: User already exists
2024-08-24T12:02:58.754Z info: app listening on port 4200
2024-08-24T12:03:01.063Z info: Received a POST request for /auth/register
2024-08-24T12:03:27.174Z info: Received a POST request for /auth/login
2024-08-24T12:11:57.574Z info: Received a POST request for /transactions/transaction
2024-08-24T12:12:09.313Z error: transaction validation failed: category: Cast to ObjectId failed for value "food" (type string) at path "category" because of "BSONError"
2024-08-24T12:12:10.142Z error: some error occured while saving the transaction
2024-08-24T12:13:23.594Z info: app listening on port 4200
2024-08-24T12:13:25.193Z info: Received a POST request for /transactions/transaction
2024-08-24T12:13:25.210Z error: transaction validation failed: category: Cast to ObjectId failed for value "food" (type string) at path "category" because of "BSONError"
2024-08-24T12:13:25.211Z error: [object Object]
2024-08-24T12:19:10.541Z info: app listening on port 4200
2024-08-24T12:19:11.726Z info: Received a POST request for /transactions/transaction
2024-08-24T12:19:11.737Z error: transaction validation failed: category: Cast to ObjectId failed for value "food" (type string) at path "category" because of "BSONError"
2024-08-24T12:19:11.738Z error: [object Object]
2024-08-24T12:19:13.172Z info: Received a POST request for /transactions/transaction
2024-08-24T12:19:13.177Z error: transaction validation failed: category: Cast to ObjectId failed for value "food" (type string) at path "category" because of "BSONError"
2024-08-24T12:19:13.178Z error: [object Object]
2024-08-24T12:21:02.772Z info: app listening on port 4200
2024-08-24T12:21:03.336Z info: Received a POST request for /transactions/transaction
2024-08-24T12:21:36.913Z info: app listening on port 4200
2024-08-24T12:21:37.746Z info: Received a GET request for /transactions/transaction
2024-08-24T12:21:37.750Z error: transactionService.getTransactioList is not a function
2024-08-24T12:23:33.594Z info: app listening on port 4200
2024-08-24T12:23:36.542Z info: Received a GET request for /transactions/transaction
2024-08-24T12:36:40.014Z info: app listening on port 4200
2024-08-24T12:36:51.547Z info: Received a POST request for /categories/category
2024-08-24T12:36:51.548Z error: categoryService.createcategory is not a function
2024-09-12T10:56:54.990Z info: app listening on port 4200
2024-09-12T10:56:59.629Z info: Received a POST request for /auth/register
2024-09-12T10:57:35.444Z info: Received a POST request for /auth/login
2024-09-12T11:01:34.006Z info: app listening on port 4200
2024-09-12T11:01:38.059Z info: Received a POST request for /categories/category
2024-09-12T11:01:38.061Z error: categoryService.createCategory is not a function
2024-09-12T11:03:28.971Z info: app listening on port 4200
2024-09-12T11:03:30.503Z info: Received a POST request for /categories/category
2024-09-12T11:03:58.846Z info: Received a POST request for /categories/category
2024-09-12T11:04:39.730Z info: Received a POST request for /categories/category
2024-09-12T11:05:10.438Z info: Received a POST request for /categories/category
2024-09-12T11:06:05.325Z info: Received a GET request for /categories/category
2024-09-12T11:06:05.327Z error: jwtUtils is not defined
2024-09-12T11:08:23.256Z info: app listening on port 4200
2024-09-12T11:08:24.060Z info: Received a GET request for /categories/category
2024-09-12T11:08:24.068Z error: jwt expired
2024-09-12T11:09:40.494Z info: Received a GET request for /categories/category
2024-09-13T12:50:50.659Z info: app listening on port 4200
2024-09-13T12:50:53.207Z info: Received a GET request for /transactions/transaction
2024-09-13T12:50:53.214Z error: jwt expired
2024-09-13T12:51:12.935Z info: Received a GET request for /transactions/transaction
2024-09-13T12:51:12.939Z error: jwt expired
2024-09-13T12:52:14.422Z info: app listening on port 4200
2024-09-13T12:52:16.389Z info: Received a GET request for /transactions/transaction
2024-09-13T12:52:16.396Z error: jwt expired
2024-09-16T04:46:00.557Z info: app listening on port 4200
2024-09-16T04:46:06.910Z info: Received a POST request for /auth/login
2024-09-16T04:50:26.197Z info: Received a POST request for /transactions/transaction
2024-09-16T04:50:26.217Z error: collection name has invalid type object
2024-09-16T04:50:26.218Z error: [object Object]
2024-09-16T04:58:33.724Z info: Received a POST request for /transactions/transaction
2024-09-16T04:58:33.732Z error: collection name has invalid type object
2024-09-16T04:58:33.733Z error: [object Object]
2024-09-16T04:59:41.051Z info: Received a POST request for /transactions/transaction
2024-09-16T04:59:41.062Z error: collection name has invalid type object
2024-09-16T04:59:41.063Z error: [object Object]
2024-09-16T05:01:41.126Z info: Received a POST request for /transactions/transaction
2024-09-16T05:01:41.134Z error: collection name has invalid type object
2024-09-16T05:01:41.135Z error: [object Object]
2024-09-16T05:01:42.199Z info: Received a POST request for /transactions/transaction
2024-09-16T05:01:42.209Z error: collection name has invalid type object
2024-09-16T05:01:42.210Z error: [object Object]
2024-09-16T05:02:02.800Z info: Received a POST request for /transactions/transaction
2024-09-16T05:02:02.811Z error: collection name has invalid type object
2024-09-16T05:02:02.812Z error: [object Object]
2024-09-16T05:03:00.845Z info: Received a POST request for /transactions/transaction
2024-09-16T05:03:00.857Z error: collection name has invalid type object
2024-09-16T05:03:00.858Z error: [object Object]
2024-09-16T05:03:34.191Z info: Received a POST request for /transactions/transaction
2024-09-16T05:03:34.206Z error: collection name has invalid type object
2024-09-16T05:03:34.207Z error: [object Object]
2024-09-16T05:03:43.393Z info: app listening on port 4200
2024-09-16T05:03:44.464Z info: Received a POST request for /transactions/transaction
2024-09-16T05:04:50.866Z info: app listening on port 4200
2024-09-16T05:04:52.281Z info: Received a POST request for /transactions/transaction
2024-09-16T05:04:52.299Z error: transaction validation failed: type: ` expense` is not a valid enum value for path `type`.
2024-09-16T05:04:52.300Z error: [object Object]
2024-09-16T05:06:10.927Z info: app listening on port 4200
2024-09-16T05:06:21.269Z info: Received a POST request for /transactions/transaction
2024-09-16T05:06:21.287Z error: collection name has invalid type object
2024-09-16T05:06:21.287Z error: [object Object]
2024-09-16T05:10:27.793Z info: app listening on port 4200
2024-09-16T05:10:36.989Z info: Received a POST request for /transactions/transaction
2024-09-16T05:10:37.002Z error: transaction validation failed: category: Cast to ObjectId failed for value "{ type: '66e2ca822bc11d00b50b5e6e' }" (type Object) at path "category" because of "BSONError"
2024-09-16T05:10:37.003Z error: [object Object]
2024-09-16T05:10:40.313Z info: Received a POST request for /transactions/transaction
2024-09-16T05:10:40.320Z error: transaction validation failed: category: Cast to ObjectId failed for value "{ type: '66e2ca822bc11d00b50b5e6e' }" (type Object) at path "category" because of "BSONError"
2024-09-16T05:10:40.320Z error: [object Object]
2024-09-16T05:10:41.594Z info: Received a POST request for /transactions/transaction
2024-09-16T05:10:41.600Z error: transaction validation failed: category: Cast to ObjectId failed for value "{ type: '66e2ca822bc11d00b50b5e6e' }" (type Object) at path "category" because of "BSONError"
2024-09-16T05:10:41.601Z error: [object Object]
2024-09-16T05:10:42.947Z info: Received a POST request for /transactions/transaction
2024-09-16T05:10:42.952Z error: transaction validation failed: category: Cast to ObjectId failed for value "{ type: '66e2ca822bc11d00b50b5e6e' }" (type Object) at path "category" because of "BSONError"
2024-09-16T05:10:42.953Z error: [object Object]
2024-09-16T05:18:14.544Z info: app listening on port 4200
2024-09-16T05:18:15.969Z info: Received a POST request for /transactions/transaction
2024-09-16T05:18:15.970Z error: mongoose is not defined
2024-09-16T05:18:15.971Z error: [object Object]
2024-09-16T05:20:02.279Z info: app listening on port 4200
2024-09-16T05:20:02.678Z info: Received a POST request for /transactions/transaction
2024-09-16T05:20:02.683Z error: mongoose is not defined
2024-09-16T05:20:02.685Z error: [object Object]
2024-09-16T05:22:31.383Z info: app listening on port 4200
2024-09-16T05:27:52.625Z info: app listening on port 4200
2024-09-16T05:28:22.066Z info: app listening on port 4200
2024-09-16T05:28:48.677Z info: app listening on port 4200
2024-09-16T05:31:25.410Z info: app listening on port 4200
2024-09-16T05:31:40.355Z info: Received a POST request for /transactions/transaction
2024-09-16T05:32:11.809Z info: app listening on port 4200
2024-09-16T05:32:15.181Z info: Received a POST request for /transactions/transaction
2024-09-16T05:33:55.687Z info: app listening on port 4200
2024-09-16T05:33:59.585Z info: Received a POST request for /transactions/transaction
2024-09-16T05:35:01.659Z info: app listening on port 4200
2024-09-16T05:35:05.107Z info: Received a POST request for /transactions/transaction
2024-09-16T05:37:39.421Z error: collection name has invalid type object
2024-09-16T05:37:43.327Z error: [object Object]
2024-09-16T08:21:55.994Z info: app listening on port 4200
2024-09-16T08:22:01.063Z info: Received a POST request for /transactions/transaction
2024-09-16T08:22:01.090Z error: collection name has invalid type object
2024-09-16T08:22:01.091Z error: [object Object]
2024-09-16T08:37:31.407Z info: app listening on port 4200
2024-09-16T08:37:33.886Z info: Received a POST request for /transactions/transaction
2024-09-16T08:37:33.900Z error: collection name has invalid type object
2024-09-16T08:37:33.901Z error: [object Object]
2024-09-16T08:37:40.732Z info: Received a POST request for /transactions/transaction
2024-09-16T08:37:40.745Z error: collection name has invalid type object
2024-09-16T08:37:40.746Z error: [object Object]
2024-09-16T08:44:25.955Z info: app listening on port 4200
2024-09-16T08:44:27.982Z info: Received a POST request for /transactions/transaction
2024-09-16T08:44:28.004Z error: collection name has invalid type object
2024-09-16T08:44:28.005Z error: [object Object]
2024-09-16T08:56:23.783Z info: app listening on port 4200
2024-09-16T08:56:25.391Z info: Received a POST request for /transactions/transaction
2024-09-16T08:56:25.412Z error: collection name has invalid type object
2024-09-16T08:57:23.002Z info: app listening on port 4200
2024-09-16T08:57:28.485Z info: Received a POST request for /transactions/transaction
2024-09-16T08:57:28.499Z error: collection name has invalid type object
2024-09-16T08:57:28.501Z error: [object Object]
2024-09-16T09:07:41.401Z info: app listening on port 4200
2024-09-16T09:07:46.656Z info: Received a POST request for /transactions/transaction
2024-09-16T09:14:24.339Z info: app listening on port 4200
2024-09-16T09:14:37.969Z info: app listening on port 4200
2024-09-16T09:14:48.876Z info: app listening on port 4200
2024-09-16T09:14:58.565Z info: Received a POST request for /transactions/transaction
2024-09-16T09:17:19.637Z info: app listening on port 4200
2024-09-16T09:17:23.689Z info: Received a POST request for /transactions/transaction
2024-09-16T09:18:01.639Z info: Received a POST request for /transactions/transaction
2024-09-16T09:19:14.030Z info: Received a POST request for /transactions/transaction
2024-09-16T09:19:15.944Z error: transaction validation failed: type: `gffthfh` is not a valid enum value for path `type`.
2024-09-16T09:19:15.945Z error: [object Object]
2024-09-16T09:20:51.187Z info: app listening on port 4200
2024-09-16T09:20:54.079Z info: Received a POST request for /transactions/transaction
2024-09-16T09:20:56.379Z error: transaction validation failed: type: `gffthfh` is not a valid enum value for path `type`.
2024-09-16T09:20:56.381Z error: [object Object]
2024-09-16T09:21:47.994Z info: app listening on port 4200
2024-09-16T09:21:50.409Z info: Received a POST request for /transactions/transaction
2024-09-16T09:21:52.560Z error: transaction validation failed: type: `gffthfh` is not a valid enum value for path `type`.
2024-09-16T09:21:52.569Z error: [object Object]
2024-09-16T09:21:59.377Z info: Received a POST request for /transactions/transaction
2024-09-16T09:22:01.749Z error: transaction validation failed: type: `gffthfh` is not a valid enum value for path `type`.
2024-09-16T09:22:01.751Z error: [object Object]
2024-09-18T02:15:53.523Z info: app listening on port 4200
2024-09-18T02:16:00.406Z info: Received a POST request for /transactions/transaction
2024-09-18T02:16:27.131Z info: Received a GET request for /transactions/transaction
2024-09-18T02:16:27.140Z error: jwt expired
2024-09-18T02:17:28.979Z info: Received a GET request for /auth/login
2024-09-18T02:17:37.955Z info: Received a POST request for /auth/login
2024-09-18T02:18:18.253Z info: Received a GET request for /transactions/transaction
2024-09-18T02:18:18.259Z error: jwt expired
2024-09-18T02:18:47.261Z info: app listening on port 4200
2024-09-18T02:18:59.530Z info: Received a GET request for /transactions/transaction
2024-09-18T02:18:59.546Z error: jwt expired
2024-09-18T02:19:16.767Z info: Received a GET request for /transactions/transaction
2024-09-18T02:20:45.865Z info: app listening on port 4200
2024-09-18T02:20:45.962Z info: Received a GET request for /transactions/transaction
2024-09-18T02:22:33.929Z info: app listening on port 4200
2024-09-18T02:22:39.010Z info: Received a GET request for /transactions/transaction
2024-09-18T03:09:29.727Z info: app listening on port 4200
2024-09-18T03:09:33.015Z info: Received a GET request for /transactions/transaction
2024-09-18T03:12:17.314Z info: app listening on port 4200
2024-09-18T03:12:19.661Z info: Received a GET request for /transactions/transaction
2024-09-18T03:17:11.298Z info: app listening on port 4200
2024-09-18T03:17:13.192Z info: Received a GET request for /transactions/transaction
2024-09-18T03:18:52.907Z info: app listening on port 4200
2024-09-18T03:18:53.251Z info: Received a GET request for /transactions/transaction
2024-09-18T03:18:55.840Z error: jwt expired
2024-09-18T03:19:12.600Z info: app listening on port 4200
2024-09-18T03:19:16.017Z info: Received a GET request for /transactions/transaction
2024-09-18T03:19:18.976Z error: jwt expired
2024-09-18T03:20:03.386Z info: app listening on port 4200
2024-09-18T03:20:04.234Z info: Received a POST request for /auth/login
2024-09-18T03:20:43.838Z info: Received a GET request for /transactions/transaction
2024-09-18T03:21:13.460Z info: app listening on port 4200
2024-09-18T03:21:18.786Z info: Received a GET request for /transactions/transaction
2024-09-18T03:22:47.907Z info: app listening on port 4200
2024-09-18T03:22:48.017Z info: Received a GET request for /transactions/transaction
2024-09-18T03:23:25.338Z info: app listening on port 4200
2024-09-18T03:23:26.154Z info: Received a GET request for /transactions/transaction
2024-09-18T03:26:04.748Z info: app listening on port 4200
2024-09-18T03:26:06.996Z info: Received a POST request for /transactions/transaction
2024-09-18T03:26:30.310Z info: Received a POST request for /transactions/transaction
2024-09-18T03:26:35.928Z info: Received a GET request for /transactions/transaction
2024-09-18T04:01:21.969Z info: app listening on port 4200
2024-09-18T04:01:24.432Z info: Received a POST request for /transactions/transaction
2024-09-18T04:02:12.259Z info: Received a POST request for /budgets/budget
2024-09-18T04:05:11.174Z info: Received a POST request for /budgets/budget
2024-09-18T04:06:27.071Z info: app listening on port 4200
2024-09-18T04:06:28.562Z info: Received a GET request for /budgets/budget
2024-09-18T04:06:33.617Z info: Received a POST request for /budgets/budget
2024-09-18T04:06:43.384Z info: Received a POST request for /budgets/budget
2024-09-18T04:06:45.680Z info: Received a POST request for /budgets/budget
2024-09-18T04:07:33.871Z info: app listening on port 4200
2024-09-18T04:07:34.430Z info: Received a GET request for /budgets/budget
2024-09-18T04:08:04.353Z info: app listening on port 4200
2024-09-18T04:08:04.821Z info: Received a GET request for /budgets/budget
2024-09-18T04:10:46.840Z info: app listening on port 4200
2024-09-18T04:10:50.992Z info: Received a GET request for /budgets/budget
2024-09-18T04:13:58.339Z info: app listening on port 4200
2024-09-18T04:14:04.783Z info: Received a GET request for /budgets/budget
2024-09-18T04:14:04.785Z error: jwtUtils is not defined
2024-09-18T04:15:35.049Z info: app listening on port 4200
2024-09-18T04:15:54.159Z info: Received a GET request for /budgets/budget
2024-10-11T06:01:41.469Z info: app listening on port 8000
2024-10-11T06:01:51.186Z info: Received a POST request for /auth/register
2024-10-11T06:02:01.281Z error: Operation `users.findOne()` buffering timed out after 10000ms
2024-10-11T06:04:03.650Z info: app listening on port 8000
2024-10-11T06:04:27.697Z info: Received a POST request for /auth/register
2024-10-11T06:04:27.713Z error: User already exists
2024-10-11T06:04:56.756Z info: Received a POST request for /auth/login
2024-10-19T14:47:10.396Z info: app listening on port 8000
2024-10-19T14:47:38.102Z info: app listening on port 8000
2024-10-19T14:48:54.375Z info: Received a GET request for /manage/budget?BudgetId=6710e069329a6c85fb303174%20=%20janjaal
2024-10-19T14:48:54.382Z info: Received a request for /budget?BudgetId=6710e069329a6c85fb303174%20=%20janjaal from janjaal
2024-10-19T14:49:53.596Z info: app listening on port 8000
2024-10-19T14:50:17.476Z info: app listening on port 8000
2024-10-20T07:32:36.875Z info: app listening on port 8000
2024-10-20T07:32:53.479Z info: app listening on port 8000
2024-10-20T07:32:55.545Z info: Received a GET request for /manage/budget?BudgetId=6712439191d6af1b45a3b670%20=%20janjaal
2024-10-20T07:33:10.659Z info: Received a POST request for /auth/login
2024-10-20T07:33:20.670Z error: Operation `users.findOne()` buffering timed out after 10000ms
2024-10-20T07:33:58.879Z info: app listening on port 8000
2024-10-20T07:33:59.794Z info: Received a POST request for /auth/login
2024-10-20T07:34:09.811Z error: Operation `users.findOne()` buffering timed out after 10000ms
2024-10-20T07:34:21.228Z info: app listening on port 8000
2024-10-20T07:34:22.053Z info: Received a POST request for /auth/login
2024-10-20T07:34:32.064Z error: Operation `users.findOne()` buffering timed out after 10000ms
2024-10-20T07:38:24.393Z info: app listening on port 8000
2024-10-20T07:38:25.369Z info: Received a GET request for /manage/budget?BudgetId=6712439191d6af1b45a3b670%20=%20janjaal
2024-10-20T07:45:16.359Z info: app listening on port 8000
2024-10-20T07:45:21.725Z info: Received a GET request for /manage/budget?BudgetId=6712439191d6af1b45a3b670%20=%20janjaal
2024-10-20T07:46:17.233Z info: app listening on port 8000
2024-10-20T07:51:36.893Z info: app listening on port 8000
2024-10-20T07:51:37.882Z info: Received a GET request for /manage/budget?BudgetId=6712439191d6af1b45a3b670%20
2024-10-20T07:52:03.269Z info: app listening on port 8000
2024-10-20T07:53:41.289Z info: app listening on port 8000
2024-10-20T07:53:41.492Z info: Received a GET request for /manage/budget?BudgetId=6712439191d6af1b45a3b670%20
2024-10-20T07:54:44.747Z info: app listening on port 8000
2024-10-20T07:54:45.758Z info: Received a GET request for /manage/budget?BudgetId=6712439191d6af1b45a3b670%20
2024-10-20T07:57:21.647Z info: app listening on port 8000
2024-10-20T07:57:22.356Z info: Received a GET request for /manage/budget?BudgetId=6712439191d6af1b45a3b670%20
2024-10-20T07:57:22.363Z info: Received a request for /budget?BudgetId=6712439191d6af1b45a3b670%20 from janjaal
2024-10-20T07:57:48.547Z error: input must be a 24 character hex string, 12 byte Uint8Array, or an integer
2024-10-20T07:57:59.685Z error: [object Object]
2024-10-20T08:00:09.368Z info: app listening on port 8000
2024-10-20T08:00:10.342Z info: Received a GET request for /manage/budget?BudgetId=6712439191d6af1b45a3b670%20
2024-10-20T08:02:35.222Z info: app listening on port 8000
2024-10-20T08:02:35.344Z info: Received a GET request for /manage/budget?BudgetId=6712439191d6af1b45a3b670%20
2024-10-20T08:06:56.359Z info: app listening on port 8000
2024-10-20T08:06:57.232Z info: Received a GET request for /manage/budget?BudgetId=6712439191d6af1b45a3b670%20
2024-10-20T08:07:58.447Z info: app listening on port 8000
2024-10-20T08:07:58.645Z info: Received a GET request for /manage/budget?BudgetId=6712439191d6af1b45a3b670%20
2024-10-20T08:12:54.439Z info: app listening on port 8000
2024-10-20T08:12:55.154Z info: Received a GET request for /manage/budget?BudgetId=6712439191d6af1b45a3b670%20
2024-10-20T08:18:09.765Z info: app listening on port 8000
2024-10-20T08:18:10.206Z info: Received a GET request for /manage/budget?BudgetId=6712439191d6af1b45a3b670%20
2024-10-20T08:21:27.679Z info: app listening on port 8000
2024-10-20T08:21:29.068Z info: Received a GET request for /manage/budget?BudgetId=6712439191d6af1b45a3b670%20
2024-10-20T13:10:48.844Z info: app listening on port 8000
2024-10-20T13:10:49.549Z info: Received a GET request for /manage/budget?BudgetId=6712439191d6af1b45a3b670%20
2024-10-20T13:11:03.828Z info: Received a POST request for /auth/login
2024-10-20T13:11:24.169Z info: Received a GET request for /manage/budget?BudgetId=6712439191d6af1b45a3b670%20
2024-10-20T13:11:32.243Z info: Received a GET request for /manage/budget?BudgetId=6712439191d6af1b45a3b670%20
2024-10-20T13:46:57.088Z info: app listening on port 8000
2024-10-20T13:46:57.917Z info: Received a GET request for /manage/budget?BudgetId=6712439191d6af1b45a3b670%20
2024-10-20T13:46:57.928Z info: Received a request for /budget?BudgetId=6712439191d6af1b45a3b670%20 from janjaal
2024-10-20T13:49:55.590Z info: app listening on port 8000
2024-10-20T13:49:57.142Z info: Received a GET request for /manage/budget?BudgetId=6712439191d6af1b45a3b670%20
2024-10-20T13:49:57.150Z info: Received a request for /budget?BudgetId=6712439191d6af1b45a3b670%20 from janjaal
2024-10-20T13:50:57.257Z error: no budget found
2024-10-20T13:51:01.656Z error: [object Object]
2024-10-20T13:54:12.402Z info: app listening on port 8000
2024-10-20T13:54:20.750Z info: Received a GET request for /manage/budget?BudgetId=6712439191d6af1b45a3b670%20
2024-10-20T13:57:32.497Z info: app listening on port 8000
2024-10-20T13:57:33.101Z info: Received a GET request for /manage/budget?BudgetId=6712439191d6af1b45a3b670%20
2024-10-20T13:57:33.106Z info: Received a request for /budget?BudgetId=6712439191d6af1b45a3b670%20 from janjaal
2024-10-20T13:59:14.148Z error: no budget found
2024-10-20T13:59:16.270Z error: [object Object]
2024-10-20T14:06:37.534Z info: app listening on port 8000
2024-10-20T14:06:37.683Z info: Received a GET request for /manage/budget?BudgetId=6712439191d6af1b45a3b670%20
2024-10-20T14:16:20.657Z info: app listening on port 8000
2024-10-20T14:16:21.732Z info: Received a GET request for /manage/budget?BudgetId=6712439191d6af1b45a3b670%20
2024-10-20T14:16:45.262Z info: app listening on port 8000
2024-10-20T14:16:45.560Z info: Received a POST request for /auth/login
2024-10-20T14:17:11.923Z info: Received a GET request for /manage/budget?BudgetId=6712439191d6af1b45a3b670%20
2024-10-20T14:18:47.542Z info: app listening on port 8000
2024-10-20T14:18:49.108Z info: Received a GET request for /manage/budget?BudgetId=6712439191d6af1b45a3b670%20
2024-10-20T14:18:49.112Z info: Received a request for /budget?BudgetId=6712439191d6af1b45a3b670%20 from janjaal
2024-10-20T14:19:43.268Z info: app listening on port 8000
2024-10-20T14:19:43.887Z info: Received a GET request for /manage/budget?BudgetId=6712439191d6af1b45a3b670%20
2024-10-20T14:19:43.894Z info: Received a request for /budget?BudgetId=6712439191d6af1b45a3b670%20 from janjaal
2024-10-20T14:21:45.015Z info: app listening on port 8000
2024-10-20T14:21:45.259Z info: Received a GET request for /manage/budget?BudgetId=6712439191d6af1b45a3b670%20
2024-10-20T14:22:32.027Z info: app listening on port 8000
2024-10-20T14:22:39.064Z info: Received a GET request for /manage/budget?BudgetId=6712439191d6af1b45a3b670%20
2024-10-20T14:22:39.068Z info: Received a request for /budget?BudgetId=6712439191d6af1b45a3b670%20 from janjaal
2024-10-20T14:48:10.535Z info: app listening on port 8000
2024-10-20T14:48:11.343Z info: Received a GET request for /manage/budget?BudgetId=6712439191d6af1b45a3b670%20
2024-10-20T14:50:55.205Z info: app listening on port 8000
2024-10-20T14:50:55.669Z info: Received a GET request for /manage/budget?BudgetId=6712439191d6af1b45a3b670%20
2024-10-20T14:52:47.340Z info: app listening on port 8000
2024-10-20T14:52:47.895Z info: Received a GET request for /manage/budget?BudgetId=6712439191d6af1b45a3b670%20
2024-10-20T14:57:28.318Z info: app listening on port 8000
2024-10-20T14:57:28.693Z info: Received a GET request for /manage/budget?BudgetId=6712439191d6af1b45a3b670%20
2024-10-20T14:57:28.697Z info: Received a request for /budget?BudgetId=6712439191d6af1b45a3b670%20 from janjaal
2024-10-20T14:57:38.159Z error: no budget found
2024-10-20T14:57:38.160Z error: [object Object]
2024-10-20T15:20:47.991Z info: app listening on port 8000
2024-10-20T15:20:48.233Z info: Received a GET request for /manage/budget?BudgetId=6712439191d6af1b45a3b670%20
2024-10-20T15:21:07.852Z info: app listening on port 8000
2024-10-20T15:21:09.377Z info: Received a POST request for /auth/login
2024-10-20T15:21:29.657Z info: Received a GET request for /manage/budget?BudgetId=6712439191d6af1b45a3b670%20
2024-10-20T15:23:04.553Z info: app listening on port 8000
2024-10-20T15:23:05.373Z info: Received a GET request for /manage/budget?BudgetId=6712439191d6af1b45a3b670%20
2024-10-20T15:23:05.382Z info: Received a request for /budget?BudgetId=6712439191d6af1b45a3b670%20 from janjaal
2024-10-20T15:24:26.277Z info: app listening on port 8000
2024-10-20T15:24:26.729Z info: Received a GET request for /manage/budget?BudgetId=6712439191d6af1b45a3b670%20
2024-10-20T15:24:26.735Z info: Received a request for /budget?BudgetId=6712439191d6af1b45a3b670%20 from janjaal
2024-10-20T15:25:02.727Z error: no budget found
2024-10-20T15:25:04.300Z error: [object Object]
2024-10-20T15:42:48.695Z info: app listening on port 8000
2024-10-20T15:42:52.791Z info: Received a GET request for /manage/budget?BudgetId=6712439191d6af1b45a3b670%20
2024-10-20T15:42:52.799Z info: Received a request for /budget?BudgetId=6712439191d6af1b45a3b670%20 from janjaal
2024-10-20T15:47:24.284Z info: app listening on port 8000
2024-10-20T15:47:24.841Z info: Received a GET request for /manage/budget?BudgetId=6712439191d6af1b45a3b670%20
2024-10-20T15:47:24.845Z info: Received a request for /budget?BudgetId=6712439191d6af1b45a3b670%20 from janjaal
2024-10-20T15:51:34.347Z info: app listening on port 8000
2024-10-20T15:51:34.770Z info: Received a GET request for /manage/budget?BudgetId=6712439191d6af1b45a3b670%20
2024-10-20T15:56:13.707Z info: app listening on port 8000
2024-10-20T15:56:14.133Z info: Received a GET request for /manage/budget?BudgetId=6712439191d6af1b45a3b670%20
2024-10-20T15:57:28.369Z info: app listening on port 8000
2024-10-20T15:57:29.110Z info: Received a GET request for /manage/budget?BudgetId=6712439191d6af1b45a3b670%20
2024-10-20T15:58:21.154Z info: app listening on port 8000
2024-10-20T15:58:21.274Z info: Received a GET request for /manage/budget?BudgetId=6712439191d6af1b45a3b670%20
2024-10-20T16:50:45.539Z info: app listening on port 8000
2024-10-20T16:50:46.194Z info: Received a GET request for /manage/budget?BudgetId=6712439191d6af1b45a3b670%20
2024-10-20T16:50:52.914Z info: Received a POST request for /auth/login
2024-10-20T16:51:10.942Z info: Received a POST request for /auth/login
2024-10-20T16:51:15.418Z info: Received a GET request for /manage/budget?BudgetId=6712439191d6af1b45a3b670%20
2024-10-20T16:51:16.273Z info: Received a GET request for /manage/budget?BudgetId=6712439191d6af1b45a3b670%20
2024-10-20T16:51:17.225Z info: Received a GET request for /manage/budget?BudgetId=6712439191d6af1b45a3b670%20
2024-10-20T16:51:18.058Z info: Received a GET request for /manage/budget?BudgetId=6712439191d6af1b45a3b670%20
2024-10-20T16:51:28.219Z info: app listening on port 8000
2024-10-20T16:51:28.492Z info: Received a GET request for /manage/budget?BudgetId=6712439191d6af1b45a3b670%20
2024-10-20T16:51:29.292Z info: Received a GET request for /manage/budget?BudgetId=6712439191d6af1b45a3b670%20
2024-10-20T16:51:30.058Z info: Received a GET request for /manage/budget?BudgetId=6712439191d6af1b45a3b670%20
2024-10-20T16:51:30.747Z info: Received a GET request for /manage/budget?BudgetId=6712439191d6af1b45a3b670%20
2024-10-20T16:51:31.070Z info: Received a GET request for /manage/budget?BudgetId=6712439191d6af1b45a3b670%20
2024-10-20T16:51:31.279Z info: Received a GET request for /manage/budget?BudgetId=6712439191d6af1b45a3b670%20
2024-10-20T16:52:06.900Z info: app listening on port 8000
2024-10-20T16:52:12.359Z info: Received a GET request for /manage/budget?BudgetId=6712439191d6af1b45a3b670%20
2024-10-20T16:52:12.364Z info: Received a request for /budget?BudgetId=6712439191d6af1b45a3b670%20 from janjaal
2024-10-20T16:52:12.433Z error: no budget found
2024-10-20T16:52:12.434Z error: [object Object]
2024-10-20T16:52:18.255Z info: Received a GET request for /manage/budget?BudgetId=6712439191d6af1b45a3b670%20
2024-10-20T16:52:18.259Z info: Received a request for /budget?BudgetId=6712439191d6af1b45a3b670%20 from janjaal
2024-10-20T16:52:18.267Z error: no budget found
2024-10-20T16:52:18.268Z error: [object Object]
2024-10-20T16:52:19.129Z info: Received a GET request for /manage/budget?BudgetId=6712439191d6af1b45a3b670%20
2024-10-20T16:52:19.131Z info: Received a request for /budget?BudgetId=6712439191d6af1b45a3b670%20 from janjaal
2024-10-20T16:52:19.139Z error: no budget found
2024-10-20T16:52:19.140Z error: [object Object]
2024-10-20T16:52:20.073Z info: Received a GET request for /manage/budget?BudgetId=6712439191d6af1b45a3b670%20
2024-10-20T16:52:20.076Z info: Received a request for /budget?BudgetId=6712439191d6af1b45a3b670%20 from janjaal
2024-10-20T16:52:20.083Z error: no budget found
2024-10-20T16:52:20.085Z error: [object Object]
2024-10-20T16:52:52.269Z info: app listening on port 8000
2024-10-20T16:52:55.482Z info: Received a GET request for /manage/budget?BudgetId=6712439191d6af1b45a3b670%20
2024-10-20T16:52:55.487Z info: Received a request for /budget?BudgetId=6712439191d6af1b45a3b670%20 from janjaal
2024-10-20T16:53:37.625Z info: app listening on port 8000
2024-10-20T16:53:38.001Z info: Received a GET request for /manage/budget?BudgetId=6712439191d6af1b45a3b670%20
2024-10-20T16:53:38.006Z info: Received a request for /budget?BudgetId=6712439191d6af1b45a3b670%20 from janjaal
2024-10-20T17:42:06.687Z info: app listening on port 8000
2024-10-20T17:42:07.491Z info: Received a GET request for /manage/budget?BudgetId=6712439191d6af1b45a3b670%20
2024-10-20T17:42:07.500Z info: Received a request for /budget?BudgetId=6712439191d6af1b45a3b670%20 from janjaal
2024-10-20T17:52:02.657Z info: app listening on port 8000
2024-10-20T17:52:02.992Z info: Received a GET request for /manage/budget?BudgetId=6712439191d6af1b45a3b670%20
2024-10-20T17:52:07.952Z info: Received a POST request for /auth/login
2024-10-20T17:52:27.043Z info: Received a GET request for /manage/budget?BudgetId=6712439191d6af1b45a3b670%20
2024-10-20T17:52:27.049Z info: Received a request for /budget?BudgetId=6712439191d6af1b45a3b670%20 from janjaal
2024-10-20T17:52:51.024Z error: no budget found
2024-10-20T17:54:22.337Z info: app listening on port 8000
2024-10-20T17:54:22.625Z info: Received a GET request for /manage/budget?BudgetId=6712439191d6af1b45a3b670%20
2024-10-20T17:54:22.629Z info: Received a request for /budget?BudgetId=6712439191d6af1b45a3b670%20 from janjaal
2024-10-20T17:59:54.219Z info: app listening on port 8000
2024-10-20T17:59:54.447Z info: Received a GET request for /manage/budget?BudgetId=6712439191d6af1b45a3b670%20
2024-10-20T17:59:54.451Z info: Received a request for /budget?BudgetId=6712439191d6af1b45a3b670%20 from janjaal
2024-10-20T18:01:04.171Z info: app listening on port 8000
2024-10-20T18:01:04.380Z info: Received a GET request for /manage/budget?BudgetId=6712439191d6af1b45a3b670%20
2024-10-20T18:01:04.384Z info: Received a request for /budget?BudgetId=6712439191d6af1b45a3b670%20 from janjaal
2024-10-20T18:02:11.710Z info: app listening on port 8000
2024-10-20T18:02:11.774Z info: Received a GET request for /manage/budget?BudgetId=6712439191d6af1b45a3b670
2024-10-20T18:02:11.782Z info: Received a request for /budget?BudgetId=6712439191d6af1b45a3b670 from janjaal
2024-10-20T18:03:09.602Z info: app listening on port 8000
2024-10-20T18:03:10.195Z info: Received a GET request for /manage/budget?BudgetId=6712439191d6af1b45a3b670
2024-10-20T18:03:10.200Z info: Received a request for /budget?BudgetId=6712439191d6af1b45a3b670 from janjaal
2024-10-20T18:07:23.884Z info: app listening on port 8000
2024-10-20T18:07:24.083Z info: Received a POST request for /budgets/budget
2024-10-20T18:07:24.090Z info: Received a request for /budget from janjaal
2024-10-20T18:07:24.112Z error: budget validation failed: expiry: Cast to date failed for value "Invalid Date" (type Date) at path "expiry"
2024-10-20T18:07:24.113Z error: some error occured while saving the Budget
2024-10-20T18:09:01.534Z info: Received a POST request for /budgets/budget
2024-10-20T18:09:01.547Z info: Received a request for /budget from janjaal
2024-10-20T18:09:01.559Z error: budget validation failed: expiry: Cast to date failed for value "Invalid Date" (type Date) at path "expiry"
2024-10-20T18:09:01.561Z error: some error occured while saving the Budget
2024-10-20T18:09:02.525Z info: Received a POST request for /budgets/budget
2024-10-20T18:09:02.535Z info: Received a request for /budget from janjaal
2024-10-20T18:09:02.543Z error: budget validation failed: expiry: Cast to date failed for value "Invalid Date" (type Date) at path "expiry"
2024-10-20T18:09:02.544Z error: some error occured while saving the Budget
2024-10-20T18:09:03.323Z info: Received a POST request for /budgets/budget
2024-10-20T18:09:03.331Z info: Received a request for /budget from janjaal
2024-10-20T18:09:03.337Z error: budget validation failed: expiry: Cast to date failed for value "Invalid Date" (type Date) at path "expiry"
2024-10-20T18:09:03.338Z error: some error occured while saving the Budget
2024-10-20T18:09:04.178Z info: Received a POST request for /budgets/budget
2024-10-20T18:09:04.184Z info: Received a request for /budget from janjaal
2024-10-20T18:09:04.190Z error: budget validation failed: expiry: Cast to date failed for value "Invalid Date" (type Date) at path "expiry"
2024-10-20T18:09:04.192Z error: some error occured while saving the Budget
2024-10-20T18:09:05.458Z info: Received a POST request for /budgets/budget
2024-10-20T18:09:05.466Z info: Received a request for /budget from janjaal
2024-10-20T18:09:05.469Z error: budget validation failed: expiry: Cast to date failed for value "Invalid Date" (type Date) at path "expiry"
2024-10-20T18:09:05.470Z error: some error occured while saving the Budget
2024-10-20T18:09:46.300Z info: Received a POST request for /budgets/budget
2024-10-20T18:09:46.305Z info: Received a request for /budget from janjaal
2024-10-20T18:16:09.048Z info: Received a GET request for /budgets/budget?budgetId=6715476af0afc95bb749fd8c
2024-10-20T18:16:09.051Z info: Received a request for /budget?budgetId=6715476af0afc95bb749fd8c from janjaal
2024-10-20T18:16:09.057Z error: err is not defined
2024-10-20T18:16:38.423Z info: Received a GET request for /budgets/budget?budgetId=6715476af0afc95bb749fd8c
2024-10-20T18:17:25.994Z info: app listening on port 8000
2024-10-20T18:17:26.446Z info: Received a GET request for /budgets/budget?budgetId=6715476af0afc95bb749fd8c
2024-10-20T18:18:03.452Z info: app listening on port 8000
2024-10-20T18:18:06.496Z info: Received a GET request for /budgets/budget?budgetId=6715476af0afc95bb749fd8c
2024-10-20T18:18:06.510Z info: Received a request for /budget?budgetId=6715476af0afc95bb749fd8c from janjaal
2024-10-20T18:20:29.561Z info: app listening on port 8000
2024-10-20T18:20:38.678Z info: Received a GET request for /manage/budget?BudgetId=6715476af0afc95bb749fd8c
2024-10-20T18:20:38.688Z info: Received a request for /budget?BudgetId=6715476af0afc95bb749fd8c from janjaal
2024-10-20T18:30:59.453Z error: budget is not defined
2024-10-20T18:30:59.454Z error: [object Object]
2024-10-25T17:36:20.031Z info: app listening on port 8000
2024-10-25T17:36:21.045Z info: Received a GET request for /manage/goal?GoalId=671bd5e0c8279758cdd4ddb5
2024-10-25T17:36:21.050Z info: Received a request for /goal?GoalId=671bd5e0c8279758cdd4ddb5 from janjaal
2024-10-25T17:39:55.406Z info: app listening on port 8000
2024-10-25T17:39:56.136Z info: Received a GET request for /manage/goal?GoalId=671bd5e0c8279758cdd4ddb5
2024-10-25T17:41:12.800Z info: app listening on port 8000
2024-10-25T17:41:17.076Z info: Received a GET request for /manage/goal?GoalId=671bd5e0c8279758cdd4ddb5
2024-10-25T17:41:17.088Z info: Received a request for /goal?GoalId=671bd5e0c8279758cdd4ddb5 from janjaal
2024-10-25T17:42:27.227Z info: app listening on port 8000
2024-10-25T17:42:29.379Z info: Received a GET request for /manage/goal?GoalId=671bd5e0c8279758cdd4ddb5
2024-10-25T17:42:29.385Z info: Received a request for /goal?GoalId=671bd5e0c8279758cdd4ddb5 from janjaal
2024-10-28T05:13:26.491Z info: app listening on port 8000
2024-10-28T05:13:26.625Z info: Received a POST request for /auth/login
2024-10-28T05:14:31.387Z info: app listening on port 8000
2024-10-28T05:14:32.322Z info: Received a GET request for /status/state
2024-10-28T05:14:32.337Z info: Received a request for /state from janjaal
2024-10-28T05:14:32.361Z error: json is not defined
2024-10-28T05:16:11.104Z info: app listening on port 8000
2024-10-28T05:16:11.837Z info: Received a GET request for /status/state
2024-10-28T05:16:11.845Z info: Received a request for /state from janjaal
2024-11-28T13:57:57.828Z info: app listening on port 8000
2024-11-28T13:58:43.534Z info: app listening on port 8000
2024-11-28T13:58:44.298Z info: Received a POST request for /auth/login
2024-11-28T14:01:52.665Z info: app listening on port 8000
2024-11-28T14:01:52.919Z info: Received a POST request for /manage/goal?GoalId=671bd5e0c8279758cdd4ddb5
2024-11-28T14:02:28.463Z info: app listening on port 8000
2024-11-28T14:02:28.948Z info: Received a POST request for /manage/goal?GoalId=671bd5e0c8279758cdd4ddb5
2024-11-28T14:02:28.951Z info: Received a request for /goal?GoalId=671bd5e0c8279758cdd4ddb5 from janjaal
2024-11-28T14:02:48.047Z info: Received a GET request for /manage/goal?GoalId=671bd5e0c8279758cdd4ddb5
2024-11-28T14:02:48.050Z info: Received a request for /goal?GoalId=671bd5e0c8279758cdd4ddb5 from janjaal
2024-11-28T14:05:07.397Z info: app listening on port 8000
2024-11-28T14:05:07.974Z info: Received a GET request for /manage/goal?GoalId=671bd5e0c8279758cdd4ddb5
2024-11-28T14:05:07.979Z info: Received a request for /goal?GoalId=671bd5e0c8279758cdd4ddb5 from janjaal
2025-03-21T14:36:39.766Z info: app listening on port 8000
2025-03-21T14:36:52.681Z info: Received a POST request for /accounts/account
2025-03-21T14:36:52.692Z info: Received a request for /account from janjaal
2025-03-21T14:37:43.118Z error: awaitAccount is not defined
2025-03-21T14:38:29.585Z error: some error occured while creating shared account
2025-03-21T14:41:04.544Z info: app listening on port 8000
2025-03-21T14:41:07.193Z info: Received a POST request for /accounts/account
2025-03-21T14:41:07.196Z info: Received a request for /account from janjaal
2025-03-21T14:41:54.828Z info: app listening on port 8000
2025-03-21T14:41:55.276Z info: Received a POST request for /accounts/account
2025-03-21T14:41:55.281Z info: Received a request for /account from janjaal
2025-03-21T14:42:14.118Z info: app listening on port 8000
2025-03-21T14:42:25.581Z info: app listening on port 8000
2025-03-21T14:42:26.137Z info: Received a POST request for /accounts/account
2025-03-21T14:42:26.143Z info: Received a request for /account from janjaal
2025-03-21T14:42:27.244Z info: Received a POST request for /accounts/account
2025-03-21T14:42:27.247Z info: Received a request for /account from janjaal
2025-03-21T14:42:28.159Z info: Received a POST request for /accounts/account
2025-03-21T14:42:28.161Z info: Received a request for /account from janjaal
2025-03-21T14:42:29.025Z info: Received a POST request for /accounts/account
2025-03-21T14:42:29.028Z info: Received a request for /account from janjaal
2025-03-21T14:42:31.848Z info: Received a POST request for /accounts/account
2025-03-21T14:42:31.853Z info: Received a request for /account from janjaal
2025-03-21T14:42:32.981Z info: Received a POST request for /accounts/account
2025-03-21T14:42:32.985Z info: Received a request for /account from janjaal
2025-03-21T14:42:34.099Z info: Received a POST request for /accounts/account
2025-03-21T14:42:34.103Z info: Received a request for /account from janjaal
2025-04-01T16:48:30.718Z info: app listening on port 8000
2025-04-01T16:49:22.374Z info: app listening on port 8000
2025-04-01T16:49:36.168Z info: Received a POST request for /auth/login
2025-04-01T16:50:26.852Z info: Received a GET request for /transactions/transaction
2025-04-01T16:51:52.345Z info: app listening on port 8000
2025-04-01T16:52:02.063Z info: Received a GET request for /transactions/transaction
2025-04-01T16:55:47.855Z info: app listening on port 8000
2025-04-01T16:57:02.157Z info: app listening on port 8000
2025-04-01T16:59:29.714Z info: app listening on port 8000
2025-04-01T17:00:17.924Z info: app listening on port 8000
2025-04-01T17:01:03.240Z info: app listening on port 8000
2025-04-01T17:02:21.718Z info: app listening on port 8000
2025-04-01T17:02:25.351Z info: Received a GET request for /transactions/transaction
2025-04-01T17:02:25.357Z info: Received a request for /transaction from janjaal
2025-04-01T17:02:47.814Z error: Cast to ObjectId failed for value "janjaal" (type string) at path "username" for model "transaction"
2025-04-01T17:02:49.430Z error: some error occured while fetching transaction
2025-04-01T17:05:45.188Z info: app listening on port 8000
2025-04-01T17:05:49.649Z info: Received a GET request for /transactions/transaction
2025-04-01T17:05:49.659Z info: Received a request for /transaction from janjaal
2025-04-01T17:28:47.676Z info: app listening on port 8000
2025-04-01T17:28:48.271Z info: Received a POST request for /accounts/account
2025-04-01T17:29:00.686Z info: Received a POST request for /auth/login
2025-04-01T17:29:21.868Z info: Received a POST request for /accounts/account
2025-04-01T17:29:21.871Z info: Received a request for /account from janjaal
2025-04-01T17:30:28.155Z info: Received a POST request for /transactions/transaction
2025-04-01T17:30:28.158Z info: Received a request for /transaction from janjaal
2025-04-01T17:35:19.131Z info: app listening on port 8000
2025-04-01T17:35:19.691Z info: Received a POST request for /accounts/account
2025-04-01T17:35:19.704Z info: Received a request for /account from janjaal
2025-04-01T17:47:27.125Z info: app listening on port 8000
2025-04-01T17:47:28.711Z info: Received a POST request for /accounts/account
2025-04-01T17:47:28.719Z info: Received a request for /account from janjaal
2025-04-01T17:47:28.750Z error: account validation failed: owner: Cast to ObjectId failed for value "janjaal" (type string) at path "owner" because of "BSONError", members.0.user: Cast to ObjectId failed for value "janjaal" (type string) at path "user" because of "BSONError"
2025-04-01T17:47:28.751Z error: some error occured while creating shared account
2025-04-01T17:47:28.830Z info: Received a POST request for /accounts/account
2025-04-01T17:47:28.833Z info: Received a request for /account from janjaal
2025-04-01T17:47:28.845Z error: account validation failed: owner: Cast to ObjectId failed for value "janjaal" (type string) at path "owner" because of "BSONError", members.0.user: Cast to ObjectId failed for value "janjaal" (type string) at path "user" because of "BSONError"
2025-04-01T17:47:28.846Z error: some error occured while creating shared account
2025-04-01T17:47:29.056Z info: Received a POST request for /accounts/account
2025-04-01T17:47:29.059Z info: Received a request for /account from janjaal
2025-04-01T17:47:29.071Z error: account validation failed: owner: Cast to ObjectId failed for value "janjaal" (type string) at path "owner" because of "BSONError", members.0.user: Cast to ObjectId failed for value "janjaal" (type string) at path "user" because of "BSONError"
2025-04-01T17:47:29.072Z error: some error occured while creating shared account
2025-04-01T17:47:31.150Z info: Received a POST request for /accounts/account
2025-04-01T17:47:31.152Z info: Received a request for /account from janjaal
2025-04-01T17:47:31.160Z error: account validation failed: owner: Cast to ObjectId failed for value "janjaal" (type string) at path "owner" because of "BSONError", members.0.user: Cast to ObjectId failed for value "janjaal" (type string) at path "user" because of "BSONError"
2025-04-01T17:47:31.161Z error: some error occured while creating shared account
2025-04-01T17:48:20.622Z info: app listening on port 8000
2025-04-01T17:48:21.084Z info: Received a POST request for /accounts/account
2025-04-01T17:48:21.090Z info: Received a request for /account from janjaal
2025-04-01T17:50:09.398Z info: app listening on port 8000
2025-04-01T17:50:13.367Z info: Received a POST request for /accounts/account
2025-04-01T17:50:13.371Z info: Received a request for /account from janjaal
2025-04-01T17:57:38.381Z info: app listening on port 8000
2025-04-01T17:57:39.381Z info: Received a POST request for /accounts/account
2025-04-01T17:57:39.388Z info: Received a request for /account from janjaal
2025-04-01T18:05:23.574Z info: app listening on port 8000
2025-04-01T18:05:23.973Z info: Received a POST request for /accounts/account
2025-04-01T18:05:23.983Z info: Received a request for /account from janjaal
2025-04-01T18:23:31.214Z info: app listening on port 8000
2025-04-01T18:23:31.308Z info: Received a POST request for /accounts/account
2025-04-01T18:23:31.322Z info: Received a request for /account from janjaal
2025-04-01T18:26:55.246Z info: app listening on port 8000
2025-04-01T18:26:56.265Z info: Received a POST request for /accounts/account
2025-04-01T18:26:56.276Z info: Received a request for /account from janjaal
2025-04-01T18:29:56.741Z info: app listening on port 8000
2025-04-01T18:30:18.908Z info: app listening on port 8000
2025-04-01T18:30:19.165Z info: Received a POST request for /accounts/account
2025-04-01T18:30:33.269Z info: Received a POST request for /auth/login
2025-04-01T18:30:47.733Z info: Received a POST request for /accounts/account
2025-04-01T18:31:02.911Z info: app listening on port 8000
2025-04-01T18:31:03.991Z info: Received a POST request for /accounts/account
2025-04-01T18:31:03.998Z info: Received a request for /account from janjaal
2025-04-01T18:44:01.535Z info: app listening on port 8000
2025-04-01T18:44:02.290Z info: Received a POST request for /accounts/account
2025-04-01T18:45:20.335Z info: app listening on port 8000
2025-04-01T18:45:24.880Z info: Received a POST request for /accounts/account
2025-04-01T18:45:24.885Z info: Received a request for /account from janjaal
2025-04-01T19:27:30.395Z info: app listening on port 8000
2025-04-01T19:28:31.161Z info: app listening on port 8000
2025-04-01T19:28:31.853Z info: Received a POST request for /auth/login
2025-04-01T19:28:58.712Z info: app listening on port 8000
2025-04-01T19:28:59.415Z info: Received a GET request for /accounts/account
2025-04-01T19:29:54.840Z info: Received a GET request for /accounts/account
2025-04-01T19:29:55.702Z info: Received a GET request for /accounts/account
2025-04-01T19:30:14.218Z info: Received a POST request for /auth/login
2025-04-01T19:30:15.553Z info: Received a POST request for /auth/login
2025-04-01T19:30:44.066Z info: app listening on port 8000
2025-04-01T19:30:44.486Z info: Received a GET request for /accounts/account
2025-04-01T19:30:44.493Z info: Received a request for /account from janjaal
2025-04-01T19:38:18.420Z info: app listening on port 8000
2025-04-01T19:38:18.833Z info: Received a GET request for /accounts/account
2025-04-01T19:38:18.844Z info: Received a request for /account from janjaal
2025-04-01T19:38:56.911Z info: app listening on port 8000
2025-04-01T19:39:01.459Z info: Received a GET request for /accounts/account
2025-04-01T19:39:01.467Z info: Received a request for /account from janjaal
2025-04-01T19:40:39.167Z info: app listening on port 8000
2025-04-01T19:40:40.098Z info: Received a GET request for /accounts/account
2025-04-01T19:40:40.104Z info: Received a request for /account from janjaal
2025-04-01T19:43:35.616Z info: app listening on port 8000
2025-04-01T19:43:35.996Z info: Received a GET request for /accounts/account
2025-04-01T19:43:36.010Z info: Received a request for /account from janjaal
2025-04-01T19:44:57.646Z info: app listening on port 8000
2025-04-01T19:44:59.092Z info: Received a GET request for /accounts/account
2025-04-01T19:44:59.099Z info: Received a request for /account from janjaal
2025-04-01T19:45:23.333Z info: app listening on port 8000
2025-04-01T19:45:23.776Z info: Received a GET request for /accounts/account
2025-04-01T19:45:23.782Z info: Received a request for /account from janjaal
2025-04-02T06:10:50.538Z info: app listening on port 8000
2025-04-02T06:10:51.537Z info: Received a GET request for /accounts/account
2025-04-02T06:11:23.913Z info: app listening on port 8000
2025-04-02T06:11:24.879Z info: Received a POST request for /auth/login
2025-04-02T06:12:06.754Z info: Received a GET request for /accounts/account
2025-04-02T06:12:06.759Z info: Received a request for /account from janjaal
2025-04-02T06:18:05.069Z info: app listening on port 8000
2025-04-02T06:18:06.141Z info: Received a GET request for /accounts/account
2025-04-02T06:18:06.152Z info: Received a request for /account from janjaal
2025-04-02T06:20:22.251Z info: app listening on port 8000
2025-04-02T06:20:22.477Z info: Received a GET request for /accounts/account
2025-04-02T06:20:22.483Z info: Received a request for /account from janjaal
2025-04-02T06:22:01.702Z info: app listening on port 8000
2025-04-02T06:22:03.759Z info: Received a GET request for /accounts/account
2025-04-02T06:22:03.763Z info: Received a request for /account from janjaal
2025-04-02T06:25:42.617Z info: app listening on port 8000
2025-04-02T06:25:43.141Z info: Received a GET request for /accounts/account
2025-04-02T06:25:43.153Z info: Received a request for /account from janjaal
2025-04-02T06:27:54.322Z info: app listening on port 8000
2025-04-02T06:27:54.890Z info: Received a GET request for /accounts/account
2025-04-02T06:27:54.896Z info: Received a request for /account from janjaal
2025-04-02T06:45:05.813Z info: app listening on port 8000
2025-04-02T06:45:06.259Z info: Received a POST request for /accounts/account
2025-04-02T06:45:23.302Z info: Received a POST request for /accounts/account
2025-04-02T06:45:23.305Z info: Received a request for /account from janjaal
2025-04-02T07:50:43.933Z info: app listening on port 8000
2025-04-02T07:50:44.298Z info: Received a GET request for /accounts/account
2025-04-02T07:50:44.316Z info: Received a request for /account from janjaal
2025-04-02T08:07:48.368Z info: app listening on port 8000
2025-04-02T08:07:48.727Z info: Received a GET request for /accounts/account
2025-04-02T08:11:26.995Z info: app listening on port 8000
2025-04-02T08:11:27.702Z info: Received a GET request for /accounts/account
2025-04-02T08:11:27.714Z info: Received a request for /account from janjaal
2025-04-02T08:12:32.376Z info: app listening on port 8000
2025-04-02T08:12:33.764Z info: Received a GET request for /accounts/account
2025-04-02T08:12:33.770Z info: Received a request for /account from janjaal
2025-04-02T08:19:31.220Z info: app listening on port 8000
2025-04-02T08:19:32.042Z info: Received a GET request for /accounts/account
2025-04-02T08:19:32.053Z info: Received a request for /account from janjaal
2025-04-02T08:22:05.382Z info: app listening on port 8000
2025-04-02T08:22:06.658Z info: Received a GET request for /accounts/account
2025-04-02T08:22:06.671Z info: Received a request for /account from janjaal
2025-04-02T08:24:03.406Z info: app listening on port 8000
2025-04-02T08:24:04.333Z info: Received a GET request for /accounts/account
2025-04-02T08:24:04.345Z info: Received a request for /account from janjaal
2025-04-02T08:27:53.788Z info: app listening on port 8000
2025-04-02T08:27:54.510Z info: Received a GET request for /accounts/account
2025-04-02T08:27:54.516Z info: Received a request for /account from janjaal
2025-04-02T08:30:12.478Z info: app listening on port 8000
2025-04-02T08:30:13.422Z info: Received a GET request for /accounts/account
2025-04-02T08:30:13.426Z info: Received a request for /account from janjaal
2025-04-02T08:34:21.421Z info: app listening on port 8000
2025-04-02T08:34:22.609Z info: Received a GET request for /accounts/account
2025-04-02T08:34:22.624Z info: Received a request for /account from janjaal
2025-04-02T15:01:04.316Z info: app listening on port 8000
2025-04-02T15:01:05.391Z info: Received a GET request for /accounts/account
2025-04-02T15:01:16.556Z info: Received a POST request for /auth/login
2025-04-02T15:01:33.952Z info: Received a GET request for /accounts/account
2025-04-02T15:01:33.955Z info: Received a request for /account from janjaal
2025-04-02T15:02:59.019Z info: app listening on port 8000
2025-04-02T15:03:03.084Z info: Received a GET request for /accounts/account
2025-04-02T15:03:03.090Z info: Received a request for /account from janjaal
2025-04-02T15:10:08.505Z info: app listening on port 8000
2025-04-02T15:10:11.049Z info: Received a GET request for /accounts/account
2025-04-02T15:10:11.063Z info: Received a request for /account from janjaal
2025-04-02T15:11:03.267Z info: app listening on port 8000
2025-04-02T15:11:04.150Z info: Received a GET request for /accounts/account
2025-04-02T15:11:04.155Z info: Received a request for /account from janjaal
2025-04-02T15:11:54.560Z info: app listening on port 8000
2025-04-02T15:11:55.571Z info: Received a GET request for /accounts/account
2025-04-02T15:11:55.578Z info: Received a request for /account from janjaal
2025-04-02T15:24:53.841Z info: app listening on port 8000
2025-04-02T15:24:56.225Z info: Received a GET request for /accounts/account
2025-04-02T15:26:36.471Z info: app listening on port 8000
2025-04-02T15:26:36.979Z info: Received a GET request for /accounts/account
2025-04-02T15:26:36.990Z info: Received a request for /account from janjaal
2025-04-02T15:34:57.137Z info: app listening on port 8000
2025-04-02T15:34:57.831Z info: Received a GET request for /accounts/account
2025-04-02T15:34:57.843Z info: Received a request for /account from janjaal
2025-04-02T15:36:11.809Z info: app listening on port 8000
2025-04-02T15:36:15.626Z info: Received a GET request for /accounts/account
2025-04-02T15:36:15.632Z info: Received a request for /account from janjaal
2025-04-02T15:39:41.894Z info: app listening on port 8000
2025-04-02T15:39:47.482Z info: Received a GET request for /accounts/account
2025-04-02T15:39:47.486Z info: Received a request for /account from janjaal
2025-04-02T15:45:44.044Z info: app listening on port 8000
2025-04-02T15:45:50.124Z info: Received a GET request for /accounts/account
2025-04-02T15:45:50.136Z info: Received a request for /account from janjaal
2025-04-02T15:47:46.282Z info: app listening on port 8000
2025-04-02T15:47:46.923Z info: Received a GET request for /accounts/account
2025-04-02T15:47:46.930Z info: Received a request for /account from janjaal
2025-04-02T15:55:38.852Z info: app listening on port 8000
2025-04-02T15:55:39.937Z info: Received a GET request for /accounts/account
2025-04-02T15:55:39.948Z info: Received a request for /account from janjaal
2025-04-02T15:58:51.889Z info: app listening on port 8000
2025-04-02T15:58:52.998Z info: Received a GET request for /accounts/account
2025-04-02T15:58:53.010Z info: Received a request for /account from janjaal
2025-04-02T16:10:03.407Z info: app listening on port 8000
2025-04-02T16:10:04.282Z info: Received a GET request for /accounts/account
2025-04-02T16:10:09.448Z info: Received a POST request for /auth/login
2025-04-02T16:10:21.507Z info: Received a GET request for /accounts/account
2025-04-02T16:10:21.511Z info: Received a request for /account from janjaal
2025-04-02T16:16:35.459Z info: app listening on port 8000
2025-04-02T16:16:36.259Z info: Received a GET request for /accounts/account
2025-04-02T16:16:36.268Z info: Received a request for /account from janjaal
2025-04-02T16:19:14.489Z info: app listening on port 8000
2025-04-02T16:19:15.340Z info: Received a GET request for /accounts/account
2025-04-02T16:19:15.344Z info: Received a request for /account from janjaal
2025-04-02T16:21:35.888Z info: app listening on port 8000
2025-04-02T16:21:38.758Z info: Received a GET request for /accounts/account
2025-04-02T16:21:38.762Z info: Received a request for /account from janjaal
2025-04-02T16:26:43.349Z info: app listening on port 8000
2025-04-02T16:26:48.900Z info: Received a GET request for /accounts/account
2025-04-02T16:26:48.903Z info: Received a request for /account from janjaal
2025-04-02T16:34:39.629Z info: app listening on port 8000
2025-04-02T16:34:40.531Z info: Received a GET request for /accounts/account
2025-04-02T16:34:40.542Z info: Received a request for /account from janjaal
2025-04-02T16:38:05.457Z info: app listening on port 8000
2025-04-02T16:38:08.729Z info: Received a GET request for /accounts/account
2025-04-02T16:38:08.738Z info: Received a request for /account from janjaal
2025-04-03T18:20:41.812Z info: app listening on port 8000
2025-04-03T18:20:51.377Z info: Received a POST request for /auth/register
2025-04-03T18:20:51.506Z error: user validation failed: email: Path `email` is required.
2025-04-03T18:22:09.365Z info: app listening on port 8000
2025-04-03T18:22:09.946Z info: Received a POST request for /auth/register
2025-04-03T18:22:21.190Z info: Received a POST request for /auth/login
2025-04-03T18:22:48.836Z info: Received a POST request for /accounts/account
2025-04-03T18:22:57.710Z info: Received a POST request for /accounts/account
2025-04-03T18:22:57.712Z info: Received a request for /account from janjaal
2025-04-03T18:22:57.730Z error: account validation failed: members.0: Cast to [ObjectId] failed for value "[ { user: new ObjectId('67eed1d1d8edddee6dd0720f') } ]" (type string) at path "members.0" because of "CastError"
2025-04-03T18:22:57.731Z error: Some error occurred while creating shared account
2025-04-03T18:24:24.975Z info: app listening on port 8000
2025-04-03T18:24:26.562Z info: Received a GET request for /accounts/account
2025-04-03T18:24:46.592Z info: Received a POST request for /accounts/account
2025-04-03T18:24:46.595Z info: Received a request for /account from janjaal
2025-04-03T18:26:27.703Z info: app listening on port 8000
2025-04-03T18:26:35.753Z info: Received a POST request for /accounts/account
2025-04-03T18:26:35.798Z info: Received a request for /account from janjaal
2025-04-03T18:36:13.850Z info: app listening on port 8000
2025-04-03T18:36:15.081Z info: Received a POST request for /accounts/account
2025-04-03T18:36:15.091Z info: Received a request for /account from janjaal
2025-04-03T18:37:38.129Z info: app listening on port 8000
2025-04-03T18:37:39.547Z info: Received a POST request for /accounts/account
2025-04-03T18:37:39.554Z info: Received a request for /account from janjaal
2025-04-03T18:38:59.626Z info: app listening on port 8000
2025-04-03T18:39:01.127Z info: Received a GET request for /accounts/account
2025-04-03T18:39:01.133Z info: Received a request for /account from janjaal
2025-04-03T18:40:27.230Z info: app listening on port 8000
2025-04-03T18:40:28.074Z info: Received a GET request for /accounts/account
2025-04-03T18:40:28.083Z info: Received a request for /account from janjaal
2025-04-06T14:28:27.196Z info: app listening on port 8000
2025-04-06T14:28:28.675Z info: Received a GET request for /accounts/account
2025-04-06T14:28:28.687Z info: Received a request for /account from janjaal
2025-04-06T14:37:35.153Z info: app listening on port 8000
2025-04-06T14:37:37.236Z info: Received a GET request for /accounts/account
2025-04-06T14:37:37.249Z info: Received a request for /account from janjaal
2025-04-06T14:39:27.012Z info: app listening on port 8000
2025-04-06T14:39:29.824Z info: Received a GET request for /accounts/account
2025-04-06T14:39:29.837Z info: Received a request for /account from janjaal
2025-04-06T14:40:19.508Z info: app listening on port 8000
2025-04-06T14:40:20.672Z info: Received a GET request for /accounts/account
2025-04-06T14:40:20.678Z info: Received a request for /account from janjaal
2025-04-10T12:28:49.813Z info: app listening on port 8000
2025-04-10T12:29:02.426Z info: Received a POST request for /auth/register
2025-04-10T12:29:02.571Z error: E11000 duplicate key error collection: financly.users index: contactNumber_1 dup key: { contactNumber: null }
2025-04-10T12:29:06.074Z info: Received a POST request for /auth/register
2025-04-10T12:29:06.096Z error: E11000 duplicate key error collection: financly.users index: contactNumber_1 dup key: { contactNumber: null }
2025-04-10T12:29:58.589Z info: Received a POST request for /auth/register
2025-04-10T12:29:58.609Z error: E11000 duplicate key error collection: financly.users index: contactNumber_1 dup key: { contactNumber: null }
2025-04-10T12:29:59.532Z info: Received a POST request for /auth/register
2025-04-10T12:29:59.562Z error: E11000 duplicate key error collection: financly.users index: contactNumber_1 dup key: { contactNumber: null }
2025-04-10T12:40:36.685Z info: app listening on port 8000
2025-04-10T12:40:37.465Z info: Received a POST request for /auth/register
2025-04-10T12:40:37.505Z error: E11000 duplicate key error collection: financly.users index: contactNumber_1 dup key: { contactNumber: null }
2025-04-10T12:40:38.678Z info: Received a POST request for /auth/register
2025-04-10T12:40:38.699Z error: E11000 duplicate key error collection: financly.users index: contactNumber_1 dup key: { contactNumber: null }
2025-04-10T12:40:39.912Z info: Received a POST request for /auth/register
2025-04-10T12:40:39.928Z error: E11000 duplicate key error collection: financly.users index: contactNumber_1 dup key: { contactNumber: null }
2025-04-10T12:41:24.386Z info: app listening on port 8000
2025-04-10T12:41:25.543Z info: Received a POST request for /auth/register
2025-04-10T12:41:25.590Z error: E11000 duplicate key error collection: financly.users index: contactNumber_1 dup key: { contactNumber: null }
2025-04-10T12:41:26.546Z info: Received a POST request for /auth/register
2025-04-10T12:41:26.572Z error: E11000 duplicate key error collection: financly.users index: contactNumber_1 dup key: { contactNumber: null }
2025-04-10T12:44:36.037Z info: app listening on port 8000
2025-04-10T12:44:36.160Z info: Received a POST request for /auth/register
2025-04-10T12:44:36.405Z error: E11000 duplicate key error collection: financly.users index: contactNumber_1 dup key: { contactNumber: null }
2025-04-10T12:56:02.282Z info: app listening on port 8000
2025-04-10T12:56:02.389Z info: Received a POST request for /auth/register
2025-04-10T12:56:02.629Z error: E11000 duplicate key error collection: financly.users index: contactNumber_1 dup key: { contactNumber: null }
2025-04-10T12:56:07.587Z info: Received a POST request for /auth/register
2025-04-10T12:56:07.612Z error: E11000 duplicate key error collection: financly.users index: contactNumber_1 dup key: { contactNumber: null }
2025-04-11T11:22:07.571Z info: app listening on port 8000
2025-04-11T11:22:08.170Z info: Received a POST request for /auth/register
2025-04-11T11:22:08.274Z error: E11000 duplicate key error collection: financly.users index: contactNumber_1 dup key: { contactNumber: null }
2025-04-11T11:23:17.853Z info: app listening on port 8000
2025-04-11T11:23:18.690Z info: Received a POST request for /auth/login
2025-04-11T11:23:38.891Z info: Received a GET request for /accounts/searchmember?query=nikki
2025-04-11T11:23:38.897Z info: Received a request for /searchmember?query=nikki from janjaal
2025-04-11T11:23:58.394Z info: Received a GET request for /accounts/searchmember?query=janjaal
2025-04-11T11:23:58.398Z info: Received a request for /searchmember?query=janjaal from janjaal
2025-04-11T11:24:00.141Z info: Received a GET request for /accounts/searchmember?query=janjaal
2025-04-11T11:24:00.146Z info: Received a request for /searchmember?query=janjaal from janjaal
2025-04-11T11:24:01.123Z info: Received a GET request for /accounts/searchmember?query=janjaal
2025-04-11T11:24:01.131Z info: Received a request for /searchmember?query=janjaal from janjaal
2025-04-11T11:24:01.942Z info: Received a GET request for /accounts/searchmember?query=janjaal
2025-04-11T11:24:01.947Z info: Received a request for /searchmember?query=janjaal from janjaal
2025-04-11T11:24:02.970Z info: Received a GET request for /accounts/searchmember?query=janjaal
2025-04-11T11:24:02.973Z info: Received a request for /searchmember?query=janjaal from janjaal
2025-04-11T11:26:54.632Z info: app listening on port 8000
2025-04-11T11:26:54.840Z info: Received a POST request for /auth/register
2025-04-11T11:26:54.901Z error: E11000 duplicate key error collection: financly.users index: contactNumber_1 dup key: { contactNumber: null }
2025-04-11T11:27:00.301Z info: Received a POST request for /auth/register
2025-04-11T11:27:00.325Z error: E11000 duplicate key error collection: financly.users index: contactNumber_1 dup key: { contactNumber: null }
2025-04-11T11:27:06.529Z info: Received a POST request for /auth/register
2025-04-11T11:27:06.544Z error: E11000 duplicate key error collection: financly.users index: contactNumber_1 dup key: { contactNumber: null }
2025-04-11T11:27:07.409Z info: Received a POST request for /auth/register
2025-04-11T11:27:07.427Z error: E11000 duplicate key error collection: financly.users index: contactNumber_1 dup key: { contactNumber: null }
2025-04-11T11:27:08.160Z info: Received a POST request for /auth/register
2025-04-11T11:27:08.179Z error: E11000 duplicate key error collection: financly.users index: contactNumber_1 dup key: { contactNumber: null }
2025-04-11T11:27:08.694Z info: Received a POST request for /auth/register
2025-04-11T11:27:08.713Z error: E11000 duplicate key error collection: financly.users index: contactNumber_1 dup key: { contactNumber: null }
2025-04-11T11:30:45.456Z info: Received a POST request for /auth/register
2025-04-11T11:30:57.904Z info: Received a GET request for /accounts/searchmember?query=nikki
2025-04-11T11:30:57.940Z info: Received a request for /searchmember?query=nikki from janjaal
2025-04-11T11:30:58.799Z info: Received a GET request for /accounts/searchmember?query=nikki
2025-04-11T11:30:58.806Z info: Received a request for /searchmember?query=nikki from janjaal
2025-04-11T11:31:59.257Z info: app listening on port 8000
2025-04-11T11:32:00.504Z info: Received a GET request for /accounts/searchmember?query=nikki
2025-04-11T11:32:48.573Z info: app listening on port 8000
2025-04-11T11:32:49.635Z info: Received a GET request for /accounts/searchmember?query=nikki
2025-04-11T11:33:27.642Z info: app listening on port 8000
2025-04-11T11:33:31.180Z info: Received a GET request for /accounts/searchmember?query=nikki
2025-04-11T11:33:31.187Z info: Received a request for /searchmember?query=nikki from janjaal
2025-04-11T11:36:23.391Z info: app listening on port 8000
2025-04-11T11:36:24.611Z info: Received a GET request for /accounts/searchmember?query=choureynikki11@gmail.com
2025-04-11T11:36:24.618Z info: Received a request for /searchmember?query=choureynikki11@gmail.com from janjaal
